Arguments: 
  /Users/coreyryan/.nvm/versions/node/v16.13.1/bin/node /usr/local/Cellar/yarn/1.22.5/libexec/bin/yarn.js add typescript

PATH: 
  /Users/coreyryan/.nvm/versions/node/v16.13.1/bin:/Users/coreyryan/.nvm/versions/node/v12.16.2/bin:/Users/coreyryan/.cargo/bin:/usr/local/bin:/usr/bin:/bin:/usr/sbin:/sbin:/opt/X11/bin:/Users/coreyryan/.nvm/versions/node/v16.13.1/bin:/Users/coreyryan/.cargo/bin

Yarn version: 
  1.22.5

Node version: 
  16.13.1

Platform: 
  darwin x64

Trace: 
  Error: https://extend-159581800400.d.codeartifact.us-east-1.amazonaws.com/npm/extend-npm/typescript: Unauthenticated: request used expired credentials. Please renew your credentials.
      at Request.params.callback [as _callback] (/usr/local/Cellar/yarn/1.22.5/libexec/lib/cli.js:66988:18)
      at Request.self.callback (/usr/local/Cellar/yarn/1.22.5/libexec/lib/cli.js:140749:22)
      at Request.emit (node:events:390:28)
      at Request.<anonymous> (/usr/local/Cellar/yarn/1.22.5/libexec/lib/cli.js:141721:10)
      at Request.emit (node:events:390:28)
      at Gunzip.<anonymous> (/usr/local/Cellar/yarn/1.22.5/libexec/lib/cli.js:141643:12)
      at Object.onceWrapper (node:events:509:28)
      at Gunzip.emit (node:events:390:28)
      at endReadableNT (node:internal/streams/readable:1343:12)
      at processTicksAndRejections (node:internal/process/task_queues:83:21)

npm manifest: 
  {
    "name": "cdk-multi-grant",
    "version": "1.0.0",
    "main": "index.js",
    "repository": "git@github.com:DevOpsDali/cdk-multi-grant.git",
    "author": "corey@coreyr.com",
    "license": "MIT",
    "private": false
  }

yarn manifest: 
  No manifest

Lockfile: 
  No lockfile
